{"/Users/shimanotakumi/Antigravity/Elvgain-Caliculator/js/calculations.js": {"path":"/Users/shimanotakumi/Antigravity/Elvgain-Caliculator/js/calculations.js","statementMap":{"0":{"start":{"line":9,"column":23},"end":{"line":9,"column":27}},"1":{"start":{"line":10,"column":23},"end":{"line":10,"column":27}},"2":{"start":{"line":13,"column":2},"end":{"line":38,"column":null}},"3":{"start":{"line":15,"column":4},"end":{"line":22,"column":null}},"4":{"start":{"line":20,"column":6},"end":{"line":20,"column":null}},"5":{"start":{"line":21,"column":6},"end":{"line":21,"column":null}},"6":{"start":{"line":23,"column":4},"end":{"line":26,"column":null}},"7":{"start":{"line":24,"column":6},"end":{"line":24,"column":null}},"8":{"start":{"line":25,"column":6},"end":{"line":25,"column":null}},"9":{"start":{"line":29,"column":17},"end":{"line":29,"column":62}},"10":{"start":{"line":30,"column":4},"end":{"line":33,"column":null}},"11":{"start":{"line":31,"column":6},"end":{"line":31,"column":null}},"12":{"start":{"line":32,"column":6},"end":{"line":32,"column":null}},"13":{"start":{"line":34,"column":4},"end":{"line":34,"column":null}},"14":{"start":{"line":34,"column":37},"end":{"line":34,"column":69}},"15":{"start":{"line":36,"column":4},"end":{"line":36,"column":null}},"16":{"start":{"line":37,"column":4},"end":{"line":37,"column":null}},"17":{"start":{"line":48,"column":2},"end":{"line":53,"column":null}},"18":{"start":{"line":49,"column":4},"end":{"line":51,"column":null}},"19":{"start":{"line":50,"column":6},"end":{"line":50,"column":null}},"20":{"start":{"line":52,"column":4},"end":{"line":52,"column":null}},"21":{"start":{"line":54,"column":15},"end":{"line":54,"column":37}},"22":{"start":{"line":55,"column":21},"end":{"line":55,"column":63}},"23":{"start":{"line":56,"column":2},"end":{"line":56,"column":null}},"24":{"start":{"line":60,"column":0},"end":{"line":63,"column":null}},"25":{"start":{"line":61,"column":2},"end":{"line":61,"column":null}},"26":{"start":{"line":62,"column":2},"end":{"line":62,"column":null}},"27":{"start":{"line":64,"column":0},"end":{"line":66,"column":null}},"28":{"start":{"line":65,"column":2},"end":{"line":65,"column":null}}},"fnMap":{"0":{"name":"calculateWeekTotal","decl":{"start":{"line":12,"column":15},"end":{"line":12,"column":33}},"loc":{"start":{"line":12,"column":57},"end":{"line":39,"column":null}},"line":12},"1":{"name":"(anonymous_1)","decl":{"start":{"line":34,"column":23},"end":{"line":34,"column":24}},"loc":{"start":{"line":34,"column":37},"end":{"line":34,"column":69}},"line":34},"2":{"name":"calculateWeekProgress","decl":{"start":{"line":47,"column":9},"end":{"line":47,"column":30}},"loc":{"start":{"line":47,"column":54},"end":{"line":57,"column":null}},"line":47}},"branchMap":{"0":{"loc":{"start":{"line":15,"column":4},"end":{"line":22,"column":null}},"type":"if","locations":[{"start":{"line":15,"column":4},"end":{"line":22,"column":null}},{"start":{},"end":{}}],"line":15},"1":{"loc":{"start":{"line":16,"column":6},"end":{"line":18,"column":null}},"type":"binary-expr","locations":[{"start":{"line":16,"column":6},"end":{"line":16,"column":33}},{"start":{"line":17,"column":6},"end":{"line":17,"column":31}},{"start":{"line":18,"column":6},"end":{"line":18,"column":null}}],"line":16},"2":{"loc":{"start":{"line":23,"column":4},"end":{"line":26,"column":null}},"type":"if","locations":[{"start":{"line":23,"column":4},"end":{"line":26,"column":null}},{"start":{},"end":{}}],"line":23},"3":{"loc":{"start":{"line":23,"column":8},"end":{"line":23,"column":77}},"type":"binary-expr","locations":[{"start":{"line":23,"column":8},"end":{"line":23,"column":38}},{"start":{"line":23,"column":42},"end":{"line":23,"column":57}},{"start":{"line":23,"column":61},"end":{"line":23,"column":77}}],"line":23},"4":{"loc":{"start":{"line":30,"column":4},"end":{"line":33,"column":null}},"type":"if","locations":[{"start":{"line":30,"column":4},"end":{"line":33,"column":null}},{"start":{},"end":{}}],"line":30},"5":{"loc":{"start":{"line":34,"column":44},"end":{"line":34,"column":68}},"type":"binary-expr","locations":[{"start":{"line":34,"column":44},"end":{"line":34,"column":63}},{"start":{"line":34,"column":67},"end":{"line":34,"column":68}}],"line":34},"6":{"loc":{"start":{"line":48,"column":2},"end":{"line":53,"column":null}},"type":"if","locations":[{"start":{"line":48,"column":2},"end":{"line":53,"column":null}},{"start":{},"end":{}}],"line":48},"7":{"loc":{"start":{"line":48,"column":6},"end":{"line":48,"column":61}},"type":"binary-expr","locations":[{"start":{"line":48,"column":6},"end":{"line":48,"column":21}},{"start":{"line":48,"column":25},"end":{"line":48,"column":45}},{"start":{"line":48,"column":49},"end":{"line":48,"column":61}}],"line":48},"8":{"loc":{"start":{"line":49,"column":4},"end":{"line":51,"column":null}},"type":"if","locations":[{"start":{"line":49,"column":4},"end":{"line":51,"column":null}},{"start":{},"end":{}}],"line":49},"9":{"loc":{"start":{"line":60,"column":0},"end":{"line":63,"column":null}},"type":"if","locations":[{"start":{"line":60,"column":0},"end":{"line":63,"column":null}},{"start":{},"end":{}}],"line":60},"10":{"loc":{"start":{"line":64,"column":0},"end":{"line":66,"column":null}},"type":"if","locations":[{"start":{"line":64,"column":0},"end":{"line":66,"column":null}},{"start":{},"end":{}}],"line":64},"11":{"loc":{"start":{"line":64,"column":4},"end":{"line":64,"column":51}},"type":"binary-expr","locations":[{"start":{"line":64,"column":4},"end":{"line":64,"column":33}},{"start":{"line":64,"column":37},"end":{"line":64,"column":51}}],"line":64}},"s":{"0":11,"1":11,"2":7,"3":7,"4":1,"5":1,"6":6,"7":2,"8":2,"9":4,"10":3,"11":1,"12":1,"13":2,"14":4,"15":1,"16":1,"17":4,"18":2,"19":1,"20":1,"21":2,"22":2,"23":2,"24":11,"25":11,"26":11,"27":11,"28":11},"f":{"0":7,"1":4,"2":4},"b":{"0":[1,6],"1":[7,7,6],"2":[2,4],"3":[6,5,5],"4":[1,2],"5":[4,2],"6":[2,2],"7":[4,3,3],"8":[1,1],"9":[11,0],"10":[11,0],"11":[11,11]},"meta":{"lastBranch":12,"lastFunction":3,"lastStatement":29,"seen":{"s:9:23:9:27":0,"s:10:23:10:27":1,"f:12:15:12:33":0,"s:13:2:38:Infinity":2,"b:15:4:22:Infinity:undefined:undefined:undefined:undefined":0,"s:15:4:22:Infinity":3,"b:16:6:16:33:17:6:17:31:18:6:18:Infinity":1,"s:20:6:20:Infinity":4,"s:21:6:21:Infinity":5,"b:23:4:26:Infinity:undefined:undefined:undefined:undefined":2,"s:23:4:26:Infinity":6,"b:23:8:23:38:23:42:23:57:23:61:23:77":3,"s:24:6:24:Infinity":7,"s:25:6:25:Infinity":8,"s:29:17:29:62":9,"b:30:4:33:Infinity:undefined:undefined:undefined:undefined":4,"s:30:4:33:Infinity":10,"s:31:6:31:Infinity":11,"s:32:6:32:Infinity":12,"s:34:4:34:Infinity":13,"f:34:23:34:24":1,"s:34:37:34:69":14,"b:34:44:34:63:34:67:34:68":5,"s:36:4:36:Infinity":15,"s:37:4:37:Infinity":16,"f:47:9:47:30":2,"b:48:2:53:Infinity:undefined:undefined:undefined:undefined":6,"s:48:2:53:Infinity":17,"b:48:6:48:21:48:25:48:45:48:49:48:61":7,"b:49:4:51:Infinity:undefined:undefined:undefined:undefined":8,"s:49:4:51:Infinity":18,"s:50:6:50:Infinity":19,"s:52:4:52:Infinity":20,"s:54:15:54:37":21,"s:55:21:55:63":22,"s:56:2:56:Infinity":23,"b:60:0:63:Infinity:undefined:undefined:undefined:undefined":9,"s:60:0:63:Infinity":24,"s:61:2:61:Infinity":25,"s:62:2:62:Infinity":26,"b:64:0:66:Infinity:undefined:undefined:undefined:undefined":10,"s:64:0:66:Infinity":27,"b:64:4:64:33:64:37:64:51":11,"s:65:2:65:Infinity":28}}}
,"/Users/shimanotakumi/Antigravity/Elvgain-Caliculator/js/db.js": {"path":"/Users/shimanotakumi/Antigravity/Elvgain-Caliculator/js/db.js","statementMap":{"0":{"start":{"line":1,"column":16},"end":{"line":1,"column":34}},"1":{"start":{"line":2,"column":19},"end":{"line":2,"column":20}},"2":{"start":{"line":5,"column":9},"end":{"line":5,"column":13}},"3":{"start":{"line":12,"column":2},"end":{"line":12,"column":null}},"4":{"start":{"line":12,"column":10},"end":{"line":12,"column":null}},"5":{"start":{"line":14,"column":2},"end":{"line":51,"column":null}},"6":{"start":{"line":15,"column":20},"end":{"line":15,"column":55}},"7":{"start":{"line":17,"column":4},"end":{"line":41,"column":null}},"8":{"start":{"line":18,"column":17},"end":{"line":18,"column":36}},"9":{"start":{"line":30,"column":6},"end":{"line":35,"column":null}},"10":{"start":{"line":31,"column":28},"end":{"line":31,"column":79}},"11":{"start":{"line":32,"column":8},"end":{"line":34,"column":null}},"12":{"start":{"line":38,"column":6},"end":{"line":40,"column":null}},"13":{"start":{"line":39,"column":8},"end":{"line":39,"column":null}},"14":{"start":{"line":43,"column":4},"end":{"line":46,"column":null}},"15":{"start":{"line":44,"column":6},"end":{"line":44,"column":null}},"16":{"start":{"line":45,"column":6},"end":{"line":45,"column":null}},"17":{"start":{"line":48,"column":4},"end":{"line":50,"column":null}},"18":{"start":{"line":49,"column":6},"end":{"line":49,"column":null}},"19":{"start":{"line":60,"column":2},"end":{"line":75,"column":null}},"20":{"start":{"line":61,"column":15},"end":{"line":61,"column":29}},"21":{"start":{"line":62,"column":4},"end":{"line":71,"column":null}},"22":{"start":{"line":63,"column":26},"end":{"line":63,"column":64}},"23":{"start":{"line":64,"column":20},"end":{"line":64,"column":53}},"24":{"start":{"line":65,"column":22},"end":{"line":65,"column":37}},"25":{"start":{"line":66,"column":6},"end":{"line":66,"column":null}},"26":{"start":{"line":66,"column":32},"end":{"line":66,"column":55}},"27":{"start":{"line":67,"column":6},"end":{"line":70,"column":null}},"28":{"start":{"line":68,"column":8},"end":{"line":68,"column":null}},"29":{"start":{"line":69,"column":8},"end":{"line":69,"column":null}},"30":{"start":{"line":73,"column":4},"end":{"line":73,"column":null}},"31":{"start":{"line":74,"column":4},"end":{"line":74,"column":null}},"32":{"start":{"line":84,"column":2},"end":{"line":99,"column":null}},"33":{"start":{"line":85,"column":15},"end":{"line":85,"column":29}},"34":{"start":{"line":86,"column":4},"end":{"line":95,"column":null}},"35":{"start":{"line":87,"column":26},"end":{"line":87,"column":65}},"36":{"start":{"line":88,"column":20},"end":{"line":88,"column":53}},"37":{"start":{"line":89,"column":22},"end":{"line":89,"column":37}},"38":{"start":{"line":90,"column":6},"end":{"line":90,"column":null}},"39":{"start":{"line":90,"column":32},"end":{"line":90,"column":41}},"40":{"start":{"line":91,"column":6},"end":{"line":94,"column":null}},"41":{"start":{"line":92,"column":8},"end":{"line":92,"column":null}},"42":{"start":{"line":93,"column":8},"end":{"line":93,"column":null}},"43":{"start":{"line":97,"column":4},"end":{"line":97,"column":null}},"44":{"start":{"line":98,"column":4},"end":{"line":98,"column":null}},"45":{"start":{"line":108,"column":13},"end":{"line":108,"column":27}},"46":{"start":{"line":109,"column":2},"end":{"line":115,"column":null}},"47":{"start":{"line":110,"column":24},"end":{"line":110,"column":63}},"48":{"start":{"line":111,"column":18},"end":{"line":111,"column":51}},"49":{"start":{"line":112,"column":20},"end":{"line":112,"column":38}},"50":{"start":{"line":113,"column":4},"end":{"line":113,"column":null}},"51":{"start":{"line":113,"column":30},"end":{"line":113,"column":39}},"52":{"start":{"line":114,"column":4},"end":{"line":114,"column":null}},"53":{"start":{"line":114,"column":28},"end":{"line":114,"column":49}},"54":{"start":{"line":125,"column":13},"end":{"line":125,"column":27}},"55":{"start":{"line":126,"column":2},"end":{"line":133,"column":null}},"56":{"start":{"line":127,"column":24},"end":{"line":127,"column":62}},"57":{"start":{"line":128,"column":18},"end":{"line":128,"column":51}},"58":{"start":{"line":129,"column":18},"end":{"line":129,"column":37}},"59":{"start":{"line":130,"column":20},"end":{"line":130,"column":57}},"60":{"start":{"line":131,"column":4},"end":{"line":131,"column":null}},"61":{"start":{"line":131,"column":30},"end":{"line":131,"column":53}},"62":{"start":{"line":132,"column":4},"end":{"line":132,"column":null}},"63":{"start":{"line":132,"column":28},"end":{"line":132,"column":49}},"64":{"start":{"line":141,"column":13},"end":{"line":141,"column":27}},"65":{"start":{"line":142,"column":2},"end":{"line":148,"column":null}},"66":{"start":{"line":143,"column":24},"end":{"line":143,"column":62}},"67":{"start":{"line":144,"column":18},"end":{"line":144,"column":51}},"68":{"start":{"line":145,"column":20},"end":{"line":145,"column":34}},"69":{"start":{"line":146,"column":4},"end":{"line":146,"column":null}},"70":{"start":{"line":146,"column":30},"end":{"line":146,"column":53}},"71":{"start":{"line":147,"column":4},"end":{"line":147,"column":null}},"72":{"start":{"line":147,"column":28},"end":{"line":147,"column":49}},"73":{"start":{"line":157,"column":13},"end":{"line":157,"column":27}},"74":{"start":{"line":158,"column":2},"end":{"line":164,"column":null}},"75":{"start":{"line":159,"column":24},"end":{"line":159,"column":66}},"76":{"start":{"line":160,"column":18},"end":{"line":160,"column":55}},"77":{"start":{"line":161,"column":20},"end":{"line":161,"column":34}},"78":{"start":{"line":162,"column":4},"end":{"line":162,"column":null}},"79":{"start":{"line":162,"column":30},"end":{"line":162,"column":53}},"80":{"start":{"line":163,"column":4},"end":{"line":163,"column":null}},"81":{"start":{"line":163,"column":28},"end":{"line":163,"column":49}},"82":{"start":{"line":173,"column":13},"end":{"line":173,"column":27}},"83":{"start":{"line":174,"column":2},"end":{"line":180,"column":null}},"84":{"start":{"line":175,"column":24},"end":{"line":175,"column":67}},"85":{"start":{"line":176,"column":18},"end":{"line":176,"column":55}},"86":{"start":{"line":177,"column":20},"end":{"line":177,"column":35}},"87":{"start":{"line":178,"column":4},"end":{"line":178,"column":null}},"88":{"start":{"line":178,"column":30},"end":{"line":178,"column":39}},"89":{"start":{"line":179,"column":4},"end":{"line":179,"column":null}},"90":{"start":{"line":179,"column":28},"end":{"line":179,"column":49}},"91":{"start":{"line":188,"column":13},"end":{"line":188,"column":27}},"92":{"start":{"line":189,"column":2},"end":{"line":195,"column":null}},"93":{"start":{"line":190,"column":24},"end":{"line":190,"column":66}},"94":{"start":{"line":191,"column":18},"end":{"line":191,"column":55}},"95":{"start":{"line":192,"column":20},"end":{"line":192,"column":34}},"96":{"start":{"line":193,"column":4},"end":{"line":193,"column":null}},"97":{"start":{"line":193,"column":30},"end":{"line":193,"column":53}},"98":{"start":{"line":194,"column":4},"end":{"line":194,"column":null}},"99":{"start":{"line":194,"column":28},"end":{"line":194,"column":49}},"100":{"start":{"line":199,"column":0},"end":{"line":209,"column":null}},"101":{"start":{"line":200,"column":2},"end":{"line":200,"column":null}},"102":{"start":{"line":201,"column":2},"end":{"line":201,"column":null}},"103":{"start":{"line":202,"column":2},"end":{"line":202,"column":null}},"104":{"start":{"line":203,"column":2},"end":{"line":203,"column":null}},"105":{"start":{"line":204,"column":2},"end":{"line":204,"column":null}},"106":{"start":{"line":205,"column":2},"end":{"line":205,"column":null}},"107":{"start":{"line":206,"column":2},"end":{"line":206,"column":null}},"108":{"start":{"line":207,"column":2},"end":{"line":207,"column":null}},"109":{"start":{"line":208,"column":2},"end":{"line":208,"column":null}},"110":{"start":{"line":210,"column":0},"end":{"line":222,"column":null}},"111":{"start":{"line":211,"column":2},"end":{"line":221,"column":null}},"112":{"start":{"line":225,"column":0},"end":{"line":229,"column":null}},"113":{"start":{"line":226,"column":2},"end":{"line":228,"column":null}},"114":{"start":{"line":227,"column":4},"end":{"line":227,"column":null}}},"fnMap":{"0":{"name":"initDB","decl":{"start":{"line":11,"column":15},"end":{"line":11,"column":21}},"loc":{"start":{"line":11,"column":24},"end":{"line":52,"column":null}},"line":11},"1":{"name":"(anonymous_1)","decl":{"start":{"line":14,"column":21},"end":{"line":14,"column":22}},"loc":{"start":{"line":14,"column":42},"end":{"line":51,"column":3}},"line":14},"2":{"name":"(anonymous_2)","decl":{"start":{"line":17,"column":30},"end":{"line":17,"column":31}},"loc":{"start":{"line":17,"column":41},"end":{"line":41,"column":5}},"line":17},"3":{"name":"(anonymous_3)","decl":{"start":{"line":43,"column":24},"end":{"line":43,"column":25}},"loc":{"start":{"line":43,"column":35},"end":{"line":46,"column":5}},"line":43},"4":{"name":"(anonymous_4)","decl":{"start":{"line":48,"column":22},"end":{"line":48,"column":23}},"loc":{"start":{"line":48,"column":33},"end":{"line":50,"column":5}},"line":48},"5":{"name":"getDayLog","decl":{"start":{"line":59,"column":15},"end":{"line":59,"column":24}},"loc":{"start":{"line":59,"column":31},"end":{"line":76,"column":null}},"line":59},"6":{"name":"(anonymous_6)","decl":{"start":{"line":62,"column":23},"end":{"line":62,"column":24}},"loc":{"start":{"line":62,"column":44},"end":{"line":71,"column":5}},"line":62},"7":{"name":"(anonymous_7)","decl":{"start":{"line":66,"column":26},"end":{"line":66,"column":27}},"loc":{"start":{"line":66,"column":32},"end":{"line":66,"column":55}},"line":66},"8":{"name":"(anonymous_8)","decl":{"start":{"line":67,"column":24},"end":{"line":67,"column":25}},"loc":{"start":{"line":67,"column":30},"end":{"line":70,"column":7}},"line":67},"9":{"name":"saveDayLog","decl":{"start":{"line":83,"column":15},"end":{"line":83,"column":25}},"loc":{"start":{"line":83,"column":32},"end":{"line":100,"column":null}},"line":83},"10":{"name":"(anonymous_10)","decl":{"start":{"line":86,"column":23},"end":{"line":86,"column":24}},"loc":{"start":{"line":86,"column":44},"end":{"line":95,"column":5}},"line":86},"11":{"name":"(anonymous_11)","decl":{"start":{"line":90,"column":26},"end":{"line":90,"column":27}},"loc":{"start":{"line":90,"column":32},"end":{"line":90,"column":41}},"line":90},"12":{"name":"(anonymous_12)","decl":{"start":{"line":91,"column":24},"end":{"line":91,"column":25}},"loc":{"start":{"line":91,"column":30},"end":{"line":94,"column":7}},"line":91},"13":{"name":"deleteDayLog","decl":{"start":{"line":107,"column":15},"end":{"line":107,"column":27}},"loc":{"start":{"line":107,"column":34},"end":{"line":116,"column":null}},"line":107},"14":{"name":"(anonymous_14)","decl":{"start":{"line":109,"column":21},"end":{"line":109,"column":22}},"loc":{"start":{"line":109,"column":42},"end":{"line":115,"column":3}},"line":109},"15":{"name":"(anonymous_15)","decl":{"start":{"line":113,"column":24},"end":{"line":113,"column":25}},"loc":{"start":{"line":113,"column":30},"end":{"line":113,"column":39}},"line":113},"16":{"name":"(anonymous_16)","decl":{"start":{"line":114,"column":22},"end":{"line":114,"column":23}},"loc":{"start":{"line":114,"column":28},"end":{"line":114,"column":49}},"line":114},"17":{"name":"getDayLogsByWeek","decl":{"start":{"line":124,"column":15},"end":{"line":124,"column":31}},"loc":{"start":{"line":124,"column":55},"end":{"line":134,"column":null}},"line":124},"18":{"name":"(anonymous_18)","decl":{"start":{"line":126,"column":21},"end":{"line":126,"column":22}},"loc":{"start":{"line":126,"column":42},"end":{"line":133,"column":3}},"line":126},"19":{"name":"(anonymous_19)","decl":{"start":{"line":131,"column":24},"end":{"line":131,"column":25}},"loc":{"start":{"line":131,"column":30},"end":{"line":131,"column":53}},"line":131},"20":{"name":"(anonymous_20)","decl":{"start":{"line":132,"column":22},"end":{"line":132,"column":23}},"loc":{"start":{"line":132,"column":28},"end":{"line":132,"column":49}},"line":132},"21":{"name":"getAllDayLogs","decl":{"start":{"line":140,"column":15},"end":{"line":140,"column":28}},"loc":{"start":{"line":140,"column":31},"end":{"line":149,"column":null}},"line":140},"22":{"name":"(anonymous_22)","decl":{"start":{"line":142,"column":21},"end":{"line":142,"column":22}},"loc":{"start":{"line":142,"column":42},"end":{"line":148,"column":3}},"line":142},"23":{"name":"(anonymous_23)","decl":{"start":{"line":146,"column":24},"end":{"line":146,"column":25}},"loc":{"start":{"line":146,"column":30},"end":{"line":146,"column":53}},"line":146},"24":{"name":"(anonymous_24)","decl":{"start":{"line":147,"column":22},"end":{"line":147,"column":23}},"loc":{"start":{"line":147,"column":28},"end":{"line":147,"column":49}},"line":147},"25":{"name":"getWeekTarget","decl":{"start":{"line":156,"column":15},"end":{"line":156,"column":28}},"loc":{"start":{"line":156,"column":34},"end":{"line":165,"column":null}},"line":156},"26":{"name":"(anonymous_26)","decl":{"start":{"line":158,"column":21},"end":{"line":158,"column":22}},"loc":{"start":{"line":158,"column":42},"end":{"line":164,"column":3}},"line":158},"27":{"name":"(anonymous_27)","decl":{"start":{"line":162,"column":24},"end":{"line":162,"column":25}},"loc":{"start":{"line":162,"column":30},"end":{"line":162,"column":53}},"line":162},"28":{"name":"(anonymous_28)","decl":{"start":{"line":163,"column":22},"end":{"line":163,"column":23}},"loc":{"start":{"line":163,"column":28},"end":{"line":163,"column":49}},"line":163},"29":{"name":"saveWeekTarget","decl":{"start":{"line":172,"column":15},"end":{"line":172,"column":29}},"loc":{"start":{"line":172,"column":36},"end":{"line":181,"column":null}},"line":172},"30":{"name":"(anonymous_30)","decl":{"start":{"line":174,"column":21},"end":{"line":174,"column":22}},"loc":{"start":{"line":174,"column":42},"end":{"line":180,"column":3}},"line":174},"31":{"name":"(anonymous_31)","decl":{"start":{"line":178,"column":24},"end":{"line":178,"column":25}},"loc":{"start":{"line":178,"column":30},"end":{"line":178,"column":39}},"line":178},"32":{"name":"(anonymous_32)","decl":{"start":{"line":179,"column":22},"end":{"line":179,"column":23}},"loc":{"start":{"line":179,"column":28},"end":{"line":179,"column":49}},"line":179},"33":{"name":"getAllWeekTargets","decl":{"start":{"line":187,"column":15},"end":{"line":187,"column":32}},"loc":{"start":{"line":187,"column":35},"end":{"line":196,"column":null}},"line":187},"34":{"name":"(anonymous_34)","decl":{"start":{"line":189,"column":21},"end":{"line":189,"column":22}},"loc":{"start":{"line":189,"column":42},"end":{"line":195,"column":3}},"line":189},"35":{"name":"(anonymous_35)","decl":{"start":{"line":193,"column":24},"end":{"line":193,"column":25}},"loc":{"start":{"line":193,"column":30},"end":{"line":193,"column":53}},"line":193},"36":{"name":"(anonymous_36)","decl":{"start":{"line":194,"column":22},"end":{"line":194,"column":23}},"loc":{"start":{"line":194,"column":28},"end":{"line":194,"column":49}},"line":194},"37":{"name":"(anonymous_37)","decl":{"start":{"line":226,"column":25},"end":{"line":226,"column":26}},"loc":{"start":{"line":226,"column":31},"end":{"line":228,"column":3}},"line":226}},"branchMap":{"0":{"loc":{"start":{"line":12,"column":2},"end":{"line":12,"column":null}},"type":"if","locations":[{"start":{"line":12,"column":2},"end":{"line":12,"column":null}},{"start":{},"end":{}}],"line":12},"1":{"loc":{"start":{"line":30,"column":6},"end":{"line":35,"column":null}},"type":"if","locations":[{"start":{"line":30,"column":6},"end":{"line":35,"column":null}},{"start":{},"end":{}}],"line":30},"2":{"loc":{"start":{"line":38,"column":6},"end":{"line":40,"column":null}},"type":"if","locations":[{"start":{"line":38,"column":6},"end":{"line":40,"column":null}},{"start":{},"end":{}}],"line":38},"3":{"loc":{"start":{"line":199,"column":0},"end":{"line":209,"column":null}},"type":"if","locations":[{"start":{"line":199,"column":0},"end":{"line":209,"column":null}},{"start":{},"end":{}}],"line":199},"4":{"loc":{"start":{"line":210,"column":0},"end":{"line":222,"column":null}},"type":"if","locations":[{"start":{"line":210,"column":0},"end":{"line":222,"column":null}},{"start":{},"end":{}}],"line":210},"5":{"loc":{"start":{"line":210,"column":4},"end":{"line":210,"column":51}},"type":"binary-expr","locations":[{"start":{"line":210,"column":4},"end":{"line":210,"column":33}},{"start":{"line":210,"column":37},"end":{"line":210,"column":51}}],"line":210},"6":{"loc":{"start":{"line":225,"column":0},"end":{"line":229,"column":null}},"type":"if","locations":[{"start":{"line":225,"column":0},"end":{"line":229,"column":null}},{"start":{},"end":{}}],"line":225}},"s":{"0":11,"1":11,"2":11,"3":47,"4":30,"5":17,"6":17,"7":17,"8":12,"9":12,"10":12,"11":12,"12":12,"13":12,"14":0,"15":17,"16":17,"17":0,"18":0,"19":4,"20":1,"21":1,"22":4,"23":4,"24":4,"25":4,"26":4,"27":1,"28":0,"29":0,"30":0,"31":0,"32":6,"33":0,"34":0,"35":6,"36":6,"37":6,"38":6,"39":6,"40":1,"41":0,"42":0,"43":0,"44":0,"45":0,"46":0,"47":2,"48":2,"49":2,"50":2,"51":1,"52":2,"53":1,"54":0,"55":1,"56":1,"57":1,"58":1,"59":1,"60":1,"61":1,"62":1,"63":0,"64":1,"65":0,"66":1,"67":2,"68":2,"69":2,"70":1,"71":2,"72":1,"73":0,"74":0,"75":4,"76":4,"77":4,"78":4,"79":3,"80":4,"81":1,"82":7,"83":7,"84":7,"85":7,"86":7,"87":7,"88":6,"89":7,"90":1,"91":0,"92":0,"93":3,"94":3,"95":3,"96":3,"97":2,"98":3,"99":1,"100":0,"101":0,"102":0,"103":0,"104":11,"105":11,"106":11,"107":11,"108":11,"109":11,"110":11,"111":11,"112":11,"113":11,"114":13},"f":{"0":47,"1":17,"2":12,"3":17,"4":0,"5":3,"6":1,"7":4,"8":0,"9":1,"10":0,"11":6,"12":0,"13":1,"14":0,"15":1,"16":1,"17":0,"18":1,"19":1,"20":0,"21":1,"22":0,"23":1,"24":1,"25":0,"26":4,"27":3,"28":1,"29":7,"30":7,"31":6,"32":1,"33":0,"34":3,"35":2,"36":1,"37":13},"b":{"0":[30,17],"1":[12,0],"2":[12,0],"3":[0,0],"4":[11,0],"5":[11,11],"6":[11,0]},"meta":{"lastBranch":7,"lastFunction":38,"lastStatement":115,"seen":{"s:1:16:1:34":0,"s:2:19:2:20":1,"s:5:9:5:13":2,"f:11:15:11:21":0,"b:12:2:12:Infinity:undefined:undefined:undefined:undefined":0,"s:12:2:12:Infinity":3,"s:12:10:12:Infinity":4,"s:14:2:51:Infinity":5,"f:14:21:14:22":1,"s:15:20:15:55":6,"s:17:4:41:Infinity":7,"f:17:30:17:31":2,"s:18:17:18:36":8,"b:30:6:35:Infinity:undefined:undefined:undefined:undefined":1,"s:30:6:35:Infinity":9,"s:31:28:31:79":10,"s:32:8:34:Infinity":11,"b:38:6:40:Infinity:undefined:undefined:undefined:undefined":2,"s:38:6:40:Infinity":12,"s:39:8:39:Infinity":13,"s:43:4:46:Infinity":14,"f:43:24:43:25":3,"s:44:6:44:Infinity":15,"s:45:6:45:Infinity":16,"s:48:4:50:Infinity":17,"f:48:22:48:23":4,"s:49:6:49:Infinity":18,"f:59:15:59:24":5,"s:60:2:75:Infinity":19,"s:61:15:61:29":20,"s:62:4:71:Infinity":21,"f:62:23:62:24":6,"s:63:26:63:64":22,"s:64:20:64:53":23,"s:65:22:65:37":24,"s:66:6:66:Infinity":25,"f:66:26:66:27":7,"s:66:32:66:55":26,"s:67:6:70:Infinity":27,"f:67:24:67:25":8,"s:68:8:68:Infinity":28,"s:69:8:69:Infinity":29,"s:73:4:73:Infinity":30,"s:74:4:74:Infinity":31,"f:83:15:83:25":9,"s:84:2:99:Infinity":32,"s:85:15:85:29":33,"s:86:4:95:Infinity":34,"f:86:23:86:24":10,"s:87:26:87:65":35,"s:88:20:88:53":36,"s:89:22:89:37":37,"s:90:6:90:Infinity":38,"f:90:26:90:27":11,"s:90:32:90:41":39,"s:91:6:94:Infinity":40,"f:91:24:91:25":12,"s:92:8:92:Infinity":41,"s:93:8:93:Infinity":42,"s:97:4:97:Infinity":43,"s:98:4:98:Infinity":44,"f:107:15:107:27":13,"s:108:13:108:27":45,"s:109:2:115:Infinity":46,"f:109:21:109:22":14,"s:110:24:110:63":47,"s:111:18:111:51":48,"s:112:20:112:38":49,"s:113:4:113:Infinity":50,"f:113:24:113:25":15,"s:113:30:113:39":51,"s:114:4:114:Infinity":52,"f:114:22:114:23":16,"s:114:28:114:49":53,"f:124:15:124:31":17,"s:125:13:125:27":54,"s:126:2:133:Infinity":55,"f:126:21:126:22":18,"s:127:24:127:62":56,"s:128:18:128:51":57,"s:129:18:129:37":58,"s:130:20:130:57":59,"s:131:4:131:Infinity":60,"f:131:24:131:25":19,"s:131:30:131:53":61,"s:132:4:132:Infinity":62,"f:132:22:132:23":20,"s:132:28:132:49":63,"f:140:15:140:28":21,"s:141:13:141:27":64,"s:142:2:148:Infinity":65,"f:142:21:142:22":22,"s:143:24:143:62":66,"s:144:18:144:51":67,"s:145:20:145:34":68,"s:146:4:146:Infinity":69,"f:146:24:146:25":23,"s:146:30:146:53":70,"s:147:4:147:Infinity":71,"f:147:22:147:23":24,"s:147:28:147:49":72,"f:156:15:156:28":25,"s:157:13:157:27":73,"s:158:2:164:Infinity":74,"f:158:21:158:22":26,"s:159:24:159:66":75,"s:160:18:160:55":76,"s:161:20:161:34":77,"s:162:4:162:Infinity":78,"f:162:24:162:25":27,"s:162:30:162:53":79,"s:163:4:163:Infinity":80,"f:163:22:163:23":28,"s:163:28:163:49":81,"f:172:15:172:29":29,"s:173:13:173:27":82,"s:174:2:180:Infinity":83,"f:174:21:174:22":30,"s:175:24:175:67":84,"s:176:18:176:55":85,"s:177:20:177:35":86,"s:178:4:178:Infinity":87,"f:178:24:178:25":31,"s:178:30:178:39":88,"s:179:4:179:Infinity":89,"f:179:22:179:23":32,"s:179:28:179:49":90,"f:187:15:187:32":33,"s:188:13:188:27":91,"s:189:2:195:Infinity":92,"f:189:21:189:22":34,"s:190:24:190:66":93,"s:191:18:191:55":94,"s:192:20:192:34":95,"s:193:4:193:Infinity":96,"f:193:24:193:25":35,"s:193:30:193:53":97,"s:194:4:194:Infinity":98,"f:194:22:194:23":36,"s:194:28:194:49":99,"b:199:0:209:Infinity:undefined:undefined:undefined:undefined":3,"s:199:0:209:Infinity":100,"s:200:2:200:Infinity":101,"s:201:2:201:Infinity":102,"s:202:2:202:Infinity":103,"s:203:2:203:Infinity":104,"s:204:2:204:Infinity":105,"s:205:2:205:Infinity":106,"s:206:2:206:Infinity":107,"s:207:2:207:Infinity":108,"s:208:2:208:Infinity":109,"b:210:0:222:Infinity:undefined:undefined:undefined:undefined":4,"s:210:0:222:Infinity":110,"b:210:4:210:33:210:37:210:51":5,"s:211:2:221:Infinity":111,"b:225:0:229:Infinity:undefined:undefined:undefined:undefined":6,"s:225:0:229:Infinity":112,"s:226:2:228:Infinity":113,"f:226:25:226:26":37,"s:227:4:227:Infinity":114}}}
,"/Users/shimanotakumi/Antigravity/Elvgain-Caliculator/js/iso-week.js": {"path":"/Users/shimanotakumi/Antigravity/Elvgain-Caliculator/js/iso-week.js","statementMap":{"0":{"start":{"line":8,"column":12},"end":{"line":8,"column":36}},"1":{"start":{"line":13,"column":17},"end":{"line":13,"column":40}},"2":{"start":{"line":14,"column":2},"end":{"line":14,"column":38}},"3":{"start":{"line":15,"column":18},"end":{"line":15,"column":33}},"4":{"start":{"line":18,"column":24},"end":{"line":18,"column":47}},"5":{"start":{"line":19,"column":30},"end":{"line":19,"column":62}},"6":{"start":{"line":20,"column":2},"end":{"line":20,"column":null}},"7":{"start":{"line":23,"column":21},"end":{"line":25,"column":3}},"8":{"start":{"line":28,"column":20},"end":{"line":28,"column":44}},"9":{"start":{"line":29,"column":2},"end":{"line":29,"column":null}},"10":{"start":{"line":31,"column":18},"end":{"line":31,"column":47}},"11":{"start":{"line":32,"column":2},"end":{"line":32,"column":null}},"12":{"start":{"line":34,"column":21},"end":{"line":39,"column":3}},"13":{"start":{"line":35,"column":14},"end":{"line":35,"column":32}},"14":{"start":{"line":36,"column":14},"end":{"line":36,"column":58}},"15":{"start":{"line":37,"column":16},"end":{"line":37,"column":55}},"16":{"start":{"line":38,"column":4},"end":{"line":38,"column":null}},"17":{"start":{"line":41,"column":2},"end":{"line":46,"column":null}},"18":{"start":{"line":50,"column":0},"end":{"line":52,"column":null}},"19":{"start":{"line":51,"column":2},"end":{"line":51,"column":null}},"20":{"start":{"line":53,"column":0},"end":{"line":55,"column":null}},"21":{"start":{"line":54,"column":2},"end":{"line":54,"column":null}}},"fnMap":{"0":{"name":"getISOWeekInfo","decl":{"start":{"line":7,"column":9},"end":{"line":7,"column":23}},"loc":{"start":{"line":7,"column":30},"end":{"line":47,"column":null}},"line":7},"1":{"name":"(anonymous_1)","decl":{"start":{"line":34,"column":21},"end":{"line":34,"column":22}},"loc":{"start":{"line":34,"column":31},"end":{"line":39,"column":3}},"line":34}},"branchMap":{"0":{"loc":{"start":{"line":50,"column":0},"end":{"line":52,"column":null}},"type":"if","locations":[{"start":{"line":50,"column":0},"end":{"line":52,"column":null}},{"start":{},"end":{}}],"line":50},"1":{"loc":{"start":{"line":53,"column":0},"end":{"line":55,"column":null}},"type":"if","locations":[{"start":{"line":53,"column":0},"end":{"line":55,"column":null}},{"start":{},"end":{}}],"line":53},"2":{"loc":{"start":{"line":53,"column":4},"end":{"line":53,"column":51}},"type":"binary-expr","locations":[{"start":{"line":53,"column":4},"end":{"line":53,"column":33}},{"start":{"line":53,"column":37},"end":{"line":53,"column":51}}],"line":53}},"s":{"0":4,"1":4,"2":4,"3":4,"4":4,"5":4,"6":4,"7":4,"8":4,"9":4,"10":4,"11":4,"12":4,"13":8,"14":8,"15":8,"16":8,"17":4,"18":12,"19":12,"20":12,"21":12},"f":{"0":4,"1":8},"b":{"0":[12,0],"1":[12,0],"2":[12,12]},"meta":{"lastBranch":3,"lastFunction":2,"lastStatement":22,"seen":{"f:7:9:7:23":0,"s:8:12:8:36":0,"s:13:17:13:40":1,"s:14:2:14:38":2,"s:15:18:15:33":3,"s:18:24:18:47":4,"s:19:30:19:62":5,"s:20:2:20:Infinity":6,"s:23:21:25:3":7,"s:28:20:28:44":8,"s:29:2:29:Infinity":9,"s:31:18:31:47":10,"s:32:2:32:Infinity":11,"s:34:21:39:3":12,"f:34:21:34:22":1,"s:35:14:35:32":13,"s:36:14:36:58":14,"s:37:16:37:55":15,"s:38:4:38:Infinity":16,"s:41:2:46:Infinity":17,"b:50:0:52:Infinity:undefined:undefined:undefined:undefined":0,"s:50:0:52:Infinity":18,"s:51:2:51:Infinity":19,"b:53:0:55:Infinity:undefined:undefined:undefined:undefined":1,"s:53:0:55:Infinity":20,"b:53:4:53:33:53:37:53:51":2,"s:54:2:54:Infinity":21}}}
,"/Users/shimanotakumi/Antigravity/Elvgain-Caliculator/test/mocks/indexedDB.js": {"path":"/Users/shimanotakumi/Antigravity/Elvgain-Caliculator/test/mocks/indexedDB.js","statementMap":{},"fnMap":{},"branchMap":{},"s":{},"f":{},"b":{},"meta":{"lastBranch":0,"lastFunction":0,"lastStatement":0,"seen":{}}}
}
